<?xml version="1.0" encoding="UTF-8"?>
<testsuite name="gradledepcheck.AppTest" tests="1" skipped="0" failures="0" errors="0" timestamp="2025-03-04T23:35:59" hostname="Marks-mini.local" time="0.012">
  <properties/>
  <testcase name="appHasAGreeting()" classname="gradledepcheck.AppTest" time="0.012"/>
  <system-out><![CDATA[]]></system-out>
  <system-err><![CDATA[]]></system-err>
</testsuite>
